<?xml version="1.0" encoding="UTF-8" standalone="yes"?>
<l2Configuration xmlns="http://ebean-orm.github.io/xml/ns/ignite">

  <base>
    <cacheMode>PARTITIONED</cacheMode>
    <backups>0</backups>
  </base>


  <apply>

    <match matchClasses="customer" typeBean="true">
      <config>
        <backups>1</backups>
        <atomicWriteOrderMode>PRIMARY</atomicWriteOrderMode>
        <atomicityMode>ATOMIC</atomicityMode>
        <cacheMode>PARTITIONED</cacheMode>
        <nearSize>500</nearSize>
      </config>
    </match>

    <match matchClasses="country,product" typeBean="true" typeKey="true">
      <config>
        <backups>0</backups>
        <cacheMode>REPLICATED</cacheMode>
      </config>
    </match>

    <match matchClasses=".Customer" typeBean="true">
      <config>
        <atomicWriteOrderMode>CLOCK</atomicWriteOrderMode>
      </config>
    </match>

  </apply>

</l2Configuration>